0 verbose cli /usr/local/bin/node /usr/local/bin/npm
1 info using npm@10.8.3
2 info using node@v21.7.3
3 silly config load:file:/usr/local/lib/node_modules/npm/npmrc
4 silly config load:file:/home/container/.npmrc
5 silly config load:file:/usr/local/etc/npmrc
6 verbose title npm install
7 verbose argv "install"
8 verbose logfile logs-max:10 dir:/home/container/.npm/_logs/2024-09-12T17_56_53_269Z-
9 verbose logfile /home/container/.npm/_logs/2024-09-12T17_56_53_269Z-debug-0.log
10 silly packumentCache heap:307232768 maxSize:76808192 maxEntrySize:38404096
11 silly logfile start cleaning logs, removing 1 files
12 silly logfile done cleaning log files
13 silly idealTree buildDeps
14 silly reify moves {}
15 silly audit bulk request {
15 silly audit   '@discordjs/builders': [ '1.9.0' ],
15 silly audit   'discord-api-types': [ '0.37.97', '0.37.83', '0.37.61' ],
15 silly audit   '@discordjs/collection': [ '1.5.3', '2.1.1' ],
15 silly audit   '@discordjs/formatters': [ '0.5.0' ],
15 silly audit   '@discordjs/rest': [ '2.4.0' ],
15 silly audit   '@discordjs/util': [ '1.1.1' ],
15 silly audit   '@discordjs/voice': [ '0.16.1' ],
15 silly audit   '@discordjs/ws': [ '1.1.1' ],
15 silly audit   '@sapphire/async-queue': [ '1.5.3' ],
15 silly audit   '@sapphire/shapeshift': [ '4.0.0' ],
15 silly audit   '@sapphire/snowflake': [ '3.5.3' ],
15 silly audit   '@types/node': [ '20.11.28' ],
15 silly audit   '@types/ws': [ '8.5.10' ],
15 silly audit   '@vladfrangu/async_event_emitter': [ '2.4.6' ],
15 silly audit   asynckit: [ '0.4.0' ],
15 silly audit   axios: [ '1.7.7' ],
15 silly audit   'combined-stream': [ '1.0.8' ],
15 silly audit   'delayed-stream': [ '1.0.0' ],
15 silly audit   'discord.js': [ '14.16.2' ],
15 silly audit   'fast-deep-equal': [ '3.1.3' ],
15 silly audit   'follow-redirects': [ '1.15.6' ],
15 silly audit   'form-data': [ '4.0.0' ],
15 silly audit   lodash: [ '4.17.21' ],
15 silly audit   'lodash.snakecase': [ '4.1.1' ],
15 silly audit   'magic-bytes.js': [ '1.10.0' ],
15 silly audit   mercadopago: [ '2.0.15' ],
15 silly audit   'mime-db': [ '1.52.0' ],
15 silly audit   'mime-types': [ '2.1.35' ],
15 silly audit   moment: [ '2.30.1' ],
15 silly audit   'node-fetch': [ '2.7.0' ],
15 silly audit   'prism-media': [ '1.3.5' ],
15 silly audit   'proxy-from-env': [ '1.1.0' ],
15 silly audit   tr46: [ '0.0.3' ],
15 silly audit   'ts-mixer': [ '6.0.4' ],
15 silly audit   tslib: [ '2.7.0' ],
15 silly audit   undici: [ '6.19.8' ],
15 silly audit   'undici-types': [ '5.26.5' ],
15 silly audit   uuid: [ '9.0.1' ],
15 silly audit   'webidl-conversions': [ '3.0.1' ],
15 silly audit   'whatwg-url': [ '5.0.0' ],
15 silly audit   'wio.db': [ '4.0.22' ],
15 silly audit   yaml: [ '1.10.2', '2.5.1' ],
15 silly audit   ws: [ '8.16.0' ]
15 silly audit }
16 http fetch POST 200 https://registry.npmjs.org/-/npm/v1/security/advisories/bulk 304ms
17 silly audit report {
17 silly audit report   ws: [
17 silly audit report     {
17 silly audit report       id: 1098392,
17 silly audit report       url: 'https://github.com/advisories/GHSA-3h5v-q93c-6h6q',
17 silly audit report       title: 'ws affected by a DoS when handling a request with many HTTP headers',
17 silly audit report       severity: 'high',
17 silly audit report       vulnerable_versions: '>=8.0.0 <8.17.1',
17 silly audit report       cwe: [Array],
17 silly audit report       cvss: [Object]
17 silly audit report     }
17 silly audit report   ]
17 silly audit report }
18 silly packumentCache corgi:https://registry.npmjs.org/ws cache-miss
19 http fetch GET 200 https://registry.npmjs.org/ws 8ms (cache hit)
20 silly packumentCache corgi:https://registry.npmjs.org/ws set size:190597 disposed:false
21 silly packumentCache corgi:https://registry.npmjs.org/@discordjs%2fvoice cache-miss
22 silly packumentCache corgi:https://registry.npmjs.org/@discordjs%2fws cache-miss
23 http fetch GET 200 https://registry.npmjs.org/@discordjs%2fws 9ms (cache hit)
24 silly packumentCache corgi:https://registry.npmjs.org/@discordjs%2fws set size:2105165 disposed:false
25 http fetch GET 200 https://registry.npmjs.org/@discordjs%2fvoice 34ms (cache hit)
26 silly packumentCache corgi:https://registry.npmjs.org/@discordjs%2fvoice set size:2383661 disposed:false
27 verbose cwd /home/container
28 verbose os Linux 6.5.0-1027-oracle
29 verbose node v21.7.3
30 verbose npm  v10.8.3
31 verbose exit 0
32 info ok
