0 verbose cli /usr/local/bin/node /usr/local/bin/npm
1 info using npm@10.8.3
2 info using node@v21.7.3
3 silly config load:file:/usr/local/lib/node_modules/npm/npmrc
4 silly config load:file:/home/container/.npmrc
5 silly config load:file:/usr/local/etc/npmrc
6 verbose title npm install discord.js@14 yml
7 verbose argv "install" "discord.js@14" "yml"
8 verbose logfile logs-max:10 dir:/home/container/.npm/_logs/2024-09-11T15_10_57_961Z-
9 verbose logfile /home/container/.npm/_logs/2024-09-11T15_10_57_961Z-debug-0.log
10 silly packumentCache heap:307232768 maxSize:76808192 maxEntrySize:38404096
11 silly logfile start cleaning logs, removing 1 files
12 silly logfile done cleaning log files
13 silly idealTree buildDeps
14 silly fetch manifest discord.js@14
15 silly packumentCache full:https://registry.npmjs.org/discord.js cache-miss
16 http fetch GET 200 https://registry.npmjs.org/discord.js 178ms (cache revalidated)
17 silly packumentCache full:https://registry.npmjs.org/discord.js set size:6972553 disposed:false
18 silly fetch manifest yml@^1.0.0
19 silly packumentCache full:https://registry.npmjs.org/yml cache-miss
20 http fetch GET 200 https://registry.npmjs.org/yml 831ms (cache revalidated)
21 silly packumentCache full:https://registry.npmjs.org/yml set size:12807 disposed:false
22 silly placeDep ROOT discord.js@14.16.1 REPLACE for:  want: 14
23 silly placeDep ROOT yml@1.0.0 REPLACE for:  want: ^1.0.0
24 silly reify moves {}
25 silly audit bulk request {
25 silly audit   '@discordjs/builders': [ '1.9.0' ],
25 silly audit   '@discordjs/collection': [ '1.5.3', '2.1.1' ],
25 silly audit   '@discordjs/formatters': [ '0.5.0' ],
25 silly audit   '@discordjs/rest': [ '2.4.0' ],
25 silly audit   '@discordjs/util': [ '1.1.1' ],
25 silly audit   '@discordjs/ws': [ '1.1.1' ],
25 silly audit   'discord-api-types': [ '0.37.83', '0.37.97' ],
25 silly audit   '@sapphire/async-queue': [ '1.5.3' ],
25 silly audit   '@sapphire/shapeshift': [ '4.0.0' ],
25 silly audit   '@sapphire/snowflake': [ '3.5.3' ],
25 silly audit   '@types/node': [ '22.5.4' ],
25 silly audit   '@types/ws': [ '8.5.12' ],
25 silly audit   '@vladfrangu/async_event_emitter': [ '2.4.6' ],
25 silly audit   argparse: [ '1.0.10' ],
25 silly audit   esprima: [ '4.0.1' ],
25 silly audit   'fast-deep-equal': [ '3.1.3' ],
25 silly audit   'function-bind': [ '1.1.2' ],
25 silly audit   hasown: [ '2.0.2' ],
25 silly audit   is: [ '3.3.0' ],
25 silly audit   'js-yaml': [ '3.14.1' ],
25 silly audit   lodash: [ '4.17.21' ],
25 silly audit   'lodash.snakecase': [ '4.1.1' ],
25 silly audit   'magic-bytes.js': [ '1.10.0' ],
25 silly audit   'node.extend': [ '2.0.3' ],
25 silly audit   'sprintf-js': [ '1.0.3' ],
25 silly audit   'ts-mixer': [ '6.0.4' ],
25 silly audit   tslib: [ '2.7.0' ],
25 silly audit   undici: [ '6.19.8' ],
25 silly audit   'undici-types': [ '6.19.8' ],
25 silly audit   ws: [ '8.18.0' ],
25 silly audit   'discord.js': [ '14.16.1' ],
25 silly audit   yml: [ '1.0.0' ]
25 silly audit }
26 http fetch POST 200 https://registry.npmjs.org/-/npm/v1/security/advisories/bulk 211ms
27 silly audit report {}
28 verbose cwd /home/container
29 verbose os Linux 6.5.0-1027-oracle
30 verbose node v21.7.3
31 verbose npm  v10.8.3
32 verbose exit 0
33 info ok
