0 verbose cli /usr/local/bin/node /usr/local/bin/npm
1 info using npm@10.8.3
2 info using node@v21.7.3
3 silly config load:file:/usr/local/lib/node_modules/npm/npmrc
4 silly config load:file:/home/container/.npmrc
5 silly config load:file:/usr/local/etc/npmrc
6 verbose title npm install
7 verbose argv "install"
8 verbose logfile logs-max:10 dir:/home/container/.npm/_logs/2024-09-10T02_06_10_991Z-
9 verbose logfile /home/container/.npm/_logs/2024-09-10T02_06_10_991Z-debug-0.log
10 silly packumentCache heap:307232768 maxSize:76808192 maxEntrySize:38404096
11 silly logfile done cleaning log files
12 silly idealTree buildDeps
13 silly reify moves {}
14 silly audit bulk request {
14 silly audit   '@discordjs/builders': [ '1.9.0' ],
14 silly audit   '@discordjs/collection': [ '1.5.3', '2.1.1' ],
14 silly audit   '@discordjs/formatters': [ '0.5.0' ],
14 silly audit   '@discordjs/rest': [ '2.4.0' ],
14 silly audit   '@discordjs/util': [ '1.1.1' ],
14 silly audit   '@discordjs/ws': [ '1.1.1' ],
14 silly audit   'discord-api-types': [ '0.37.83', '0.37.97' ],
14 silly audit   '@sapphire/async-queue': [ '1.5.3' ],
14 silly audit   '@sapphire/shapeshift': [ '4.0.0' ],
14 silly audit   '@sapphire/snowflake': [ '3.5.3' ],
14 silly audit   '@types/node': [ '22.5.4' ],
14 silly audit   '@types/ws': [ '8.5.12' ],
14 silly audit   '@vladfrangu/async_event_emitter': [ '2.4.6' ],
14 silly audit   'discord.js': [ '14.16.1' ],
14 silly audit   'fast-deep-equal': [ '3.1.3' ],
14 silly audit   lodash: [ '4.17.21' ],
14 silly audit   'lodash.snakecase': [ '4.1.1' ],
14 silly audit   'magic-bytes.js': [ '1.10.0' ],
14 silly audit   'ts-mixer': [ '6.0.4' ],
14 silly audit   tslib: [ '2.7.0' ],
14 silly audit   undici: [ '6.19.8' ],
14 silly audit   'undici-types': [ '6.19.8' ],
14 silly audit   ws: [ '8.18.0' ]
14 silly audit }
15 http fetch POST 200 https://registry.npmjs.org/-/npm/v1/security/advisories/bulk 337ms
16 silly audit report {}
17 verbose cwd /home/container
18 verbose os Linux 6.5.0-1027-oracle
19 verbose node v21.7.3
20 verbose npm  v10.8.3
21 verbose exit 0
22 info ok
