0 verbose cli /usr/local/bin/node /usr/local/bin/npm
1 info using npm@10.8.3
2 info using node@v21.7.3
3 silly config load:file:/usr/local/lib/node_modules/npm/npmrc
4 silly config load:file:/home/container/.npmrc
5 silly config load:file:/usr/local/etc/npmrc
6 verbose title npm install discord.js yaml axios
7 verbose argv "install" "discord.js" "yaml" "axios"
8 verbose logfile logs-max:10 dir:/home/container/.npm/_logs/2024-09-13T01_36_23_315Z-
9 verbose logfile /home/container/.npm/_logs/2024-09-13T01_36_23_315Z-debug-0.log
10 silly packumentCache heap:307232768 maxSize:76808192 maxEntrySize:38404096
11 silly logfile start cleaning logs, removing 1 files
12 silly logfile done cleaning log files
13 silly idealTree buildDeps
14 silly fetch manifest axios@^1.7.7
15 silly packumentCache full:https://registry.npmjs.org/axios cache-miss
16 http fetch GET 200 https://registry.npmjs.org/axios 17ms (cache hit)
17 silly packumentCache full:https://registry.npmjs.org/axios set size:585045 disposed:false
18 silly fetch manifest discord.js@^14.16.2
19 silly packumentCache full:https://registry.npmjs.org/discord.js cache-miss
20 http fetch GET 200 https://registry.npmjs.org/discord.js 67ms (cache hit)
21 silly packumentCache full:https://registry.npmjs.org/discord.js set size:6985410 disposed:false
22 silly fetch manifest yaml@^2.5.1
23 silly packumentCache full:https://registry.npmjs.org/yaml cache-miss
24 http fetch GET 200 https://registry.npmjs.org/yaml 3ms (cache hit)
25 silly packumentCache full:https://registry.npmjs.org/yaml set size:338803 disposed:false
26 silly placeDep ROOT axios@1.7.7 REPLACE for:  want: ^1.7.7
27 silly placeDep ROOT discord.js@14.16.2 REPLACE for:  want: ^14.16.2
28 silly placeDep ROOT yaml@2.5.1 REPLACE for:  want: ^2.5.1
29 silly reify moves {}
30 silly audit bulk request {
30 silly audit   '@discordjs/builders': [ '1.9.0' ],
30 silly audit   '@discordjs/collection': [ '1.5.3', '2.1.1' ],
30 silly audit   '@discordjs/formatters': [ '0.5.0' ],
30 silly audit   '@discordjs/rest': [ '2.4.0' ],
30 silly audit   '@discordjs/util': [ '1.1.1' ],
30 silly audit   '@discordjs/ws': [ '1.1.1' ],
30 silly audit   'discord-api-types': [ '0.37.83', '0.37.97' ],
30 silly audit   '@sapphire/async-queue': [ '1.5.3' ],
30 silly audit   '@sapphire/shapeshift': [ '4.0.0' ],
30 silly audit   '@sapphire/snowflake': [ '3.5.3' ],
30 silly audit   '@types/node': [ '22.5.4' ],
30 silly audit   '@types/ws': [ '8.5.12' ],
30 silly audit   '@vladfrangu/async_event_emitter': [ '2.4.6' ],
30 silly audit   asynckit: [ '0.4.0' ],
30 silly audit   'combined-stream': [ '1.0.8' ],
30 silly audit   'date-fns': [ '3.6.0' ],
30 silly audit   'delayed-stream': [ '1.0.0' ],
30 silly audit   'fast-deep-equal': [ '3.1.3' ],
30 silly audit   'follow-redirects': [ '1.15.9' ],
30 silly audit   'form-data': [ '4.0.0' ],
30 silly audit   lodash: [ '4.17.21' ],
30 silly audit   'lodash.snakecase': [ '4.1.1' ],
30 silly audit   'magic-bytes.js': [ '1.10.0' ],
30 silly audit   'mime-db': [ '1.52.0' ],
30 silly audit   'mime-types': [ '2.1.35' ],
30 silly audit   'proxy-from-env': [ '1.1.0' ],
30 silly audit   'ts-mixer': [ '6.0.4' ],
30 silly audit   tslib: [ '2.7.0' ],
30 silly audit   undici: [ '6.19.8' ],
30 silly audit   'undici-types': [ '6.19.8' ],
30 silly audit   ws: [ '8.18.0' ],
30 silly audit   axios: [ '1.7.7' ],
30 silly audit   'discord.js': [ '14.16.2' ],
30 silly audit   yaml: [ '2.5.1' ]
30 silly audit }
31 http fetch POST 200 https://registry.npmjs.org/-/npm/v1/security/advisories/bulk 354ms
32 silly audit report {}
33 verbose cwd /home/container
34 verbose os Linux 6.5.0-1027-oracle
35 verbose node v21.7.3
36 verbose npm  v10.8.3
37 verbose exit 0
38 info ok
