[09/06/2024 00:26:58]:           __             _       
[09/06/2024 00:26:58]:   _ __   / /  ___   __ _(_)_ __  
[09/06/2024 00:26:58]:  | '_ \ / /  / _ \ / _` | | '_ \ 
[09/06/2024 00:26:58]:  | | | / /__| (_) | (_| | | | | |
[09/06/2024 00:26:58]:  |_| |_\____/\___/ \__, |_|_| |_|
[09/06/2024 00:26:58]:                   |___/            
[09/06/2024 00:26:58]:  By: www.nickuc.com - V 10.2.7 DEVELOPMENT
[09/06/2024 00:26:58]:  
[09/06/2024 00:26:58]: [nLogin] [DEBUG] All settings were loaded in 301 ms.
[09/06/2024 00:26:59]: [nLogin] [DEBUG] Loading the messages_br.yml message file...
[09/06/2024 00:26:59]: [nLogin] [DEBUG] All plugin messages were loaded in 210 ms (languageByClient=false).
[09/06/2024 00:27:12]: [nLogin] [DEBUG] [Discord] Connected guilds: SantMC - Vinculação 🚒#1438 (1)
[09/06/2024 00:27:12]: [nLogin] [DEBUG]  - Sant MC ☀ (1266127147110502511)
[09/06/2024 00:27:12]: [nLogin] [Discord] Conexão com o Discord foi realizada com sucesso!
[09/06/2024 00:27:12]: [nLogin] [DEBUG] All proxy settings were loaded in 5 ms.
[09/06/2024 00:27:12]: [nLogin] [DEBUG] Loading database...
[09/06/2024 00:27:14]: [nLogin] Gerando par de chaves RSA... (isso pode demorar um pouco)
[09/06/2024 00:27:16]: [nLogin] O par de chaves RSA foi gerado com sucesso. Demorou 1.84s
[09/06/2024 00:27:16]: [nLogin] [DEBUG] Starting logger filter...
[09/06/2024 00:27:21]: [nLogin] 
[09/06/2024 00:27:21]: [nLogin]  Muito obrigado por escolher o nLogin! <3
[09/06/2024 00:27:21]: [nLogin] 
[09/06/2024 00:27:21]: [nLogin]  Para sua segurança, leia a mensagem abaixo:
[09/06/2024 00:27:21]: [nLogin]   Nunca baixe o nLogin de fontes desconhecidas.
[09/06/2024 00:27:21]: [nLogin]   Uma versão modificada pode conter softwares maliciosos.
[09/06/2024 00:27:21]: [nLogin] 
[09/06/2024 00:27:21]: [nLogin]  Fontes confiáveis:
[09/06/2024 00:27:21]: [nLogin]   www.nickuc.com
[09/06/2024 00:27:21]: [nLogin]   www.github.com/nickuc
[09/06/2024 00:27:21]: [nLogin]   Instalador do OpeNLogin (do Spigot ou GitHub)
[09/06/2024 00:27:21]: [nLogin] 
[09/06/2024 00:27:21]: [nLogin]  Canais oficiais para suporte:
[09/06/2024 00:27:21]: [nLogin]   Grupo do Discord: www.nickuc.com/discord
[09/06/2024 00:27:21]: [nLogin]   Documentação: docs.nickuc.com/nlogin/
[09/06/2024 00:27:21]: [nLogin]   E-mail: support@nickuc.com
[09/06/2024 00:27:21]: [nLogin]   YouTube: youtube.com/nickuc
[09/06/2024 00:27:21]: [nLogin] 
[09/06/2024 00:37:11]: [nLogin] Successful plugin core shutdown (took 0.00s)
