[09/06/2024 00:18:21]:           __             _       
[09/06/2024 00:18:21]:   _ __   / /  ___   __ _(_)_ __  
[09/06/2024 00:18:21]:  | '_ \ / /  / _ \ / _` | | '_ \ 
[09/06/2024 00:18:21]:  | | | / /__| (_) | (_| | | | | |
[09/06/2024 00:18:21]:  |_| |_\____/\___/ \__, |_|_| |_|
[09/06/2024 00:18:21]:                   |___/            
[09/06/2024 00:18:21]:  By: www.nickuc.com - V 10.2.7 DEVELOPMENT
[09/06/2024 00:18:21]:  
[09/06/2024 00:18:21]: [nLogin] [DEBUG] All settings were loaded in 392 ms.
[09/06/2024 00:18:21]: [nLogin] [DEBUG] Loading the messages_br.yml message file...
[09/06/2024 00:18:21]: [nLogin] [DEBUG] The file config.yml was migrated to br language.
[09/06/2024 00:18:21]: [nLogin] [DEBUG] All plugin messages were loaded in 210 ms (languageByClient=false).
[09/06/2024 00:18:21]: [nLogin] [DEBUG] The file discord.yml was migrated to br language.
[09/06/2024 00:18:21]: [nLogin] [DEBUG] The file email.yml was migrated to br language.
[09/06/2024 00:18:21]: [nLogin] [DEBUG] All proxy settings were loaded in 5 ms.
[09/06/2024 00:18:21]: [nLogin] [DEBUG] Loading database...
[09/06/2024 00:18:22]: [nLogin] [DEBUG] Starting logger filter...
[09/06/2024 00:18:27]: [nLogin] 
[09/06/2024 00:18:27]: [nLogin]  Muito obrigado por escolher o nLogin! <3
[09/06/2024 00:18:27]: [nLogin] 
[09/06/2024 00:18:27]: [nLogin]  Para sua segurança, leia a mensagem abaixo:
[09/06/2024 00:18:27]: [nLogin]   Nunca baixe o nLogin de fontes desconhecidas.
[09/06/2024 00:18:27]: [nLogin]   Uma versão modificada pode conter softwares maliciosos.
[09/06/2024 00:18:27]: [nLogin] 
[09/06/2024 00:18:27]: [nLogin]  Fontes confiáveis:
[09/06/2024 00:18:27]: [nLogin]   www.nickuc.com
[09/06/2024 00:18:27]: [nLogin]   www.github.com/nickuc
[09/06/2024 00:18:27]: [nLogin]   Instalador do OpeNLogin (do Spigot ou GitHub)
[09/06/2024 00:18:27]: [nLogin] 
[09/06/2024 00:18:27]: [nLogin]  Canais oficiais para suporte:
[09/06/2024 00:18:27]: [nLogin]   Grupo do Discord: www.nickuc.com/discord
[09/06/2024 00:18:27]: [nLogin]   Documentação: docs.nickuc.com/nlogin/
[09/06/2024 00:18:27]: [nLogin]   E-mail: support@nickuc.com
[09/06/2024 00:18:27]: [nLogin]   YouTube: youtube.com/nickuc
[09/06/2024 00:18:27]: [nLogin] 
[09/06/2024 00:26:48]: [nLogin] Successful plugin core shutdown (took 0.00s)
