[14:42:01] [Server thread/INFO]: Starting minecraft server version 1.8.8
[14:42:01] [Server thread/INFO]: Loading properties
[14:42:01] [Server thread/INFO]: Default game type: SURVIVAL
[14:42:01] [Server thread/INFO]: This server is running CraftBukkit version git-Spigot-db6de12-18fbb24 (MC: 1.8.8) (Implementing API version 1.8.8-R0.1-SNAPSHOT)
[14:42:01] [Server thread/INFO]: Server Ping Player Sample Count: 12
[14:42:01] [Server thread/INFO]: Using 4 threads for Netty based IO
[14:42:01] [Server thread/INFO]: Debug logging is disabled
[14:42:01] [Server thread/INFO]: Generating keypair
[14:42:01] [Server thread/INFO]: Starting Minecraft server on 0.0.0.0:25568
[14:42:01] [Server thread/INFO]: Using epoll channel type
[14:42:01] [Server thread/INFO]: Set PluginClassLoader as parallel capable
[14:42:01] [Server thread/INFO]: [AloshiFire] Loading AloshiFire v1.0
[14:42:01] [Server thread/INFO]: [LuckPerms] Loading LuckPerms v5.4.141
[14:42:01] [Server thread/INFO]: [WorldEdit] Loading WorldEdit v6.1.7;dd00bb1
[14:42:01] [Server thread/INFO]: [Skript] Loading Skript v2.2-dev36
[14:42:01] [Server thread/INFO]: [PlaceholderAPI] Loading PlaceholderAPI v2.10.5
[14:42:01] [Server thread/INFO]: [ProtocolLib] Loading ProtocolLib v4.5.1
[14:42:01] [Server thread/INFO]: [0;32;1m[santmc-commons] Loading santmc-commons v1.0[m
[14:42:01] [Server thread/INFO]: [0;32;1m[sant-bedwars] Loading sant-bedwars v1.0[m
[14:42:01] [Server thread/INFO]: [BungeeGuard] Loading BungeeGuard v1.4.5
[14:42:01] [Server thread/INFO]: [LuckPerms] Enabling LuckPerms v5.4.141
[14:42:02] [Server thread/INFO]: [0;36;1m       [0;36;22m __    [m
[14:42:02] [Server thread/INFO]: [0;36;1m  |    [0;36;22m|__)   [0;32;22mLuckPerms[m [0;36;1mv5.4.141[m
[14:42:02] [Server thread/INFO]: [0;36;1m  |___ [0;36;22m|      [0;30;1mRunning on Bukkit - CraftBukkit[m
[14:42:02] [Server thread/INFO]: [m
[14:42:02] [Server thread/INFO]: [LuckPerms] Loading configuration...
[14:42:02] [Server thread/INFO]: [LuckPerms] Loading storage provider... [MYSQL]
[14:42:02] [Server thread/WARN]: SLF4J: Failed to load class "org.slf4j.impl.StaticLoggerBinder".
[14:42:02] [Server thread/WARN]: SLF4J: Defaulting to no-operation (NOP) logger implementation
[14:42:02] [Server thread/WARN]: SLF4J: See http://www.slf4j.org/codes.html#StaticLoggerBinder for further details.
[14:42:02] [Server thread/INFO]: [LuckPerms] Loading messaging service... [SQL]
[14:42:02] [Server thread/INFO]: [LuckPerms] Loading internal permission managers...
[14:42:02] [Server thread/INFO]: [LuckPerms] Performing initial data load...
[14:42:02] [Server thread/INFO]: [LuckPerms] Successfully enabled. (took 965ms)
[14:42:02] [Server thread/INFO]: [ProtocolLib] Enabling ProtocolLib v4.5.1
[14:42:02] [Server thread/INFO]: [ProtocolLib] Started structure compiler thread.
[14:42:02] [Server thread/INFO]: [BungeeGuard] Enabling BungeeGuard v1.4.5
[14:42:02] [Server thread/INFO]: [BungeeGuard] Using ProtocolLib to listen for connections.
[14:42:02] [Server thread/WARN]: **** SERVER IS RUNNING IN OFFLINE/INSECURE MODE!
[14:42:02] [Server thread/WARN]: The server will make no attempt to authenticate usernames. Beware.
[14:42:02] [Server thread/WARN]: Whilst this makes it possible to use BungeeCord, unless access to your server is properly restricted, it also opens up the ability for hackers to connect with any username they choose.
[14:42:02] [Server thread/WARN]: Please see http://www.spigotmc.org/wiki/firewall-guide/ for further information.
[14:42:02] [Server thread/WARN]: To change this, set "online-mode" to "true" in the server.properties file.
[14:42:02] [Server thread/INFO]: **** Beginning UUID conversion, this may take A LONG time ****
[14:42:02] [Server thread/INFO]: Preparing level "world"
[14:42:02] [Server thread/INFO]: -------- World Settings For [world] --------
[14:42:02] [Server thread/INFO]: Mob Spawn Range: 4
[14:42:02] [Server thread/INFO]: Cactus Growth Modifier: 100%
[14:42:02] [Server thread/INFO]: Cane Growth Modifier: 100%
[14:42:02] [Server thread/INFO]: Melon Growth Modifier: 100%
[14:42:02] [Server thread/INFO]: Mushroom Growth Modifier: 100%
[14:42:02] [Server thread/INFO]: Pumpkin Growth Modifier: 100%
[14:42:02] [Server thread/INFO]: Sapling Growth Modifier: 100%
[14:42:02] [Server thread/INFO]: Wheat Growth Modifier: 100%
[14:42:02] [Server thread/INFO]: NetherWart Growth Modifier: 100%
[14:42:02] [Server thread/INFO]: Entity Activation Range: An 32 / Mo 32 / Mi 16
[14:42:02] [Server thread/INFO]: Entity Tracking Range: Pl 48 / An 48 / Mo 48 / Mi 32 / Other 64
[14:42:02] [Server thread/INFO]: Anti X-Ray: true
[14:42:02] [Server thread/INFO]: 	Engine Mode: 1
[14:42:02] [Server thread/INFO]: 	Hidden Blocks: [14, 15, 16, 21, 48, 49, 54, 56, 73, 74, 82, 129, 130]
[14:42:02] [Server thread/INFO]: 	Replace Blocks: [1, 5]
[14:42:02] [Server thread/INFO]: Nerfing mobs spawned from spawners: false
[14:42:02] [Server thread/INFO]: Hopper Transfer: 8 Hopper Check: 8 Hopper Amount: 1
[14:42:02] [Server thread/INFO]: Random Lighting Updates: false
[14:42:02] [Server thread/INFO]: Structure Info Saving: true
[14:42:02] [Server thread/INFO]: Sending up to 10 chunks per packet
[14:42:02] [Server thread/INFO]: Max Entity Collisions: 8
[14:42:02] [Server thread/INFO]: Custom Map Seeds:  Village: 10387312 Feature: 14357617
[14:42:02] [Server thread/INFO]: Max TNT Explosions: 100
[14:42:02] [Server thread/INFO]: Tile Max Tick Time: 50ms Entity max Tick Time: 50ms
[14:42:02] [Server thread/INFO]: Item Despawn Rate: 6000
[14:42:02] [Server thread/INFO]: Item Merge Radius: 2.5
[14:42:02] [Server thread/INFO]: Arrow Despawn Rate: 1200
[14:42:02] [Server thread/INFO]: Allow Zombie Pigmen to spawn from portal blocks: true
[14:42:02] [Server thread/INFO]: View Distance: 10
[14:42:02] [Server thread/INFO]: Zombie Aggressive Towards Villager: true
[14:42:02] [Server thread/INFO]: Chunks to Grow per Tick: 650
[14:42:02] [Server thread/INFO]: Clear tick list: false
[14:42:02] [Server thread/INFO]: Experience Merge Radius: 3.0
[14:42:03] [Server thread/INFO]: Preparing start region for level 0 (Seed: -4216530450634206070)
[14:42:03] [Server thread/INFO]: [AloshiFire] Enabling AloshiFire v1.0
[14:42:03] [Server thread/INFO]: [0;32;1m[RedeSky]: [0;32;1mO plugin foi ativado.[m
[14:42:03] [Server thread/INFO]: [WorldEdit] Enabling WorldEdit v6.1.7;dd00bb1
[14:42:03] [Server thread/INFO]: WEPIF: Using the Bukkit Permissions API.
[14:42:03] [Server thread/INFO]: [WorldEdit] Using com.sk89q.worldedit.bukkit.adapter.impl.Spigot_v1_8_R3 as the Bukkit adapter
[14:42:03] [Server thread/INFO]: [Skript] Enabling Skript v2.2-dev36
[14:42:03] [Server thread/WARN]: [Skript] Using this version of Skript on 1.8 is highly discouraged.
[14:42:03] [Server thread/WARN]: [Skript] Some features have been disabled; use older Skript to restore them.
[14:42:03] [Server thread/WARN]: [Skript] Also, there are probably bugs. And since 1.8 is not supported, they will not be fixed
[14:42:04] [Server thread/INFO]: [Skript] Starting updater thread
[14:42:04] [Server thread/ERROR]: [Skript] Could not find the english aliases file aliases-english.sk
[14:42:04] [Server thread/ERROR]: [Skript] Could not load the english aliases config: plugins/Skript/aliases-english.sk (No such file or directory)
[14:42:04] [Server thread/INFO]: [Skript]  ~ created by & © Peter Güttinger aka Njol ~
[14:42:04] [Server thread/INFO]: [PlaceholderAPI] Enabling PlaceholderAPI v2.10.5
[14:42:04] [Server thread/INFO]: [PlaceholderAPI] Fetching available expansion information...
[14:42:04] [Server thread/INFO]: [0;32;1m[santmc-commons] Enabling santmc-commons v1.0[m
[14:42:04] [Server thread/INFO]: [0;32;1m[santmc-commons] Conectado ao MySQL![m
[14:42:05] [Server thread/INFO]: [0;32;1m[santmc-commons] O plugin foi ativado.[m
[14:42:05] [Server thread/INFO]: [0;32;1m[sant-bedwars] Enabling sant-bedwars v1.0[m
[14:42:05] [Server thread/INFO]: -------- World Settings For [sala2] --------
[14:42:05] [Server thread/INFO]: Mob Spawn Range: 4
[14:42:05] [Server thread/INFO]: Cactus Growth Modifier: 100%
[14:42:05] [Server thread/INFO]: Cane Growth Modifier: 100%
[14:42:05] [Server thread/INFO]: Melon Growth Modifier: 100%
[14:42:05] [Server thread/INFO]: Mushroom Growth Modifier: 100%
[14:42:05] [Server thread/INFO]: Pumpkin Growth Modifier: 100%
[14:42:05] [Server thread/INFO]: Sapling Growth Modifier: 100%
[14:42:05] [Server thread/INFO]: Wheat Growth Modifier: 100%
[14:42:05] [Server thread/INFO]: NetherWart Growth Modifier: 100%
[14:42:05] [Server thread/INFO]: Entity Activation Range: An 32 / Mo 32 / Mi 16
[14:42:05] [Server thread/INFO]: Entity Tracking Range: Pl 48 / An 48 / Mo 48 / Mi 32 / Other 64
[14:42:05] [Server thread/INFO]: Anti X-Ray: true
[14:42:05] [Server thread/INFO]: 	Engine Mode: 1
[14:42:05] [Server thread/INFO]: 	Hidden Blocks: [14, 15, 16, 21, 48, 49, 54, 56, 73, 74, 82, 129, 130]
[14:42:05] [Server thread/INFO]: 	Replace Blocks: [1, 5]
[14:42:05] [Server thread/INFO]: Nerfing mobs spawned from spawners: false
[14:42:05] [Server thread/INFO]: Hopper Transfer: 8 Hopper Check: 8 Hopper Amount: 1
[14:42:05] [Server thread/INFO]: Random Lighting Updates: false
[14:42:05] [Server thread/INFO]: Structure Info Saving: true
[14:42:05] [Server thread/INFO]: Sending up to 10 chunks per packet
[14:42:05] [Server thread/INFO]: Max Entity Collisions: 8
[14:42:05] [Server thread/INFO]: Custom Map Seeds:  Village: 10387312 Feature: 14357617
[14:42:05] [Server thread/INFO]: Max TNT Explosions: 100
[14:42:05] [Server thread/INFO]: Tile Max Tick Time: 50ms Entity max Tick Time: 50ms
[14:42:05] [Server thread/INFO]: Item Despawn Rate: 6000
[14:42:05] [Server thread/INFO]: Item Merge Radius: 2.5
[14:42:05] [Server thread/INFO]: Arrow Despawn Rate: 1200
[14:42:05] [Server thread/INFO]: Allow Zombie Pigmen to spawn from portal blocks: true
[14:42:05] [Server thread/INFO]: View Distance: 10
[14:42:05] [Server thread/INFO]: Zombie Aggressive Towards Villager: true
[14:42:05] [Server thread/INFO]: Chunks to Grow per Tick: 650
[14:42:05] [Server thread/INFO]: Clear tick list: false
[14:42:05] [Server thread/INFO]: Experience Merge Radius: 3.0
[14:42:05] [Server thread/INFO]: Preparing start region for level 1 (Seed: -4216530450634206070)
[14:42:05] [Server thread/INFO]: -------- World Settings For [dark] --------
[14:42:05] [Server thread/INFO]: Mob Spawn Range: 4
[14:42:05] [Server thread/INFO]: Cactus Growth Modifier: 100%
[14:42:05] [Server thread/INFO]: Cane Growth Modifier: 100%
[14:42:05] [Server thread/INFO]: Melon Growth Modifier: 100%
[14:42:05] [Server thread/INFO]: Mushroom Growth Modifier: 100%
[14:42:05] [Server thread/INFO]: Pumpkin Growth Modifier: 100%
[14:42:05] [Server thread/INFO]: Sapling Growth Modifier: 100%
[14:42:05] [Server thread/INFO]: Wheat Growth Modifier: 100%
[14:42:05] [Server thread/INFO]: NetherWart Growth Modifier: 100%
[14:42:05] [Server thread/INFO]: Entity Activation Range: An 32 / Mo 32 / Mi 16
[14:42:05] [Server thread/INFO]: Entity Tracking Range: Pl 48 / An 48 / Mo 48 / Mi 32 / Other 64
[14:42:05] [Server thread/INFO]: Anti X-Ray: true
[14:42:05] [Server thread/INFO]: 	Engine Mode: 1
[14:42:05] [Server thread/INFO]: 	Hidden Blocks: [14, 15, 16, 21, 48, 49, 54, 56, 73, 74, 82, 129, 130]
[14:42:05] [Server thread/INFO]: 	Replace Blocks: [1, 5]
[14:42:05] [Server thread/INFO]: Nerfing mobs spawned from spawners: false
[14:42:05] [Server thread/INFO]: Hopper Transfer: 8 Hopper Check: 8 Hopper Amount: 1
[14:42:05] [Server thread/INFO]: Random Lighting Updates: false
[14:42:05] [Server thread/INFO]: Structure Info Saving: true
[14:42:05] [Server thread/INFO]: Sending up to 10 chunks per packet
[14:42:05] [Server thread/INFO]: Max Entity Collisions: 8
[14:42:05] [Server thread/INFO]: Custom Map Seeds:  Village: 10387312 Feature: 14357617
[14:42:05] [Server thread/INFO]: Max TNT Explosions: 100
[14:42:05] [Server thread/INFO]: Tile Max Tick Time: 50ms Entity max Tick Time: 50ms
[14:42:05] [Server thread/INFO]: Item Despawn Rate: 6000
[14:42:05] [Server thread/INFO]: Item Merge Radius: 2.5
[14:42:05] [Server thread/INFO]: Arrow Despawn Rate: 1200
[14:42:05] [Server thread/INFO]: Allow Zombie Pigmen to spawn from portal blocks: true
[14:42:05] [Server thread/INFO]: View Distance: 10
[14:42:05] [Server thread/INFO]: Zombie Aggressive Towards Villager: true
[14:42:05] [Server thread/INFO]: Chunks to Grow per Tick: 650
[14:42:05] [Server thread/INFO]: Clear tick list: false
[14:42:05] [Server thread/INFO]: Experience Merge Radius: 3.0
[14:42:05] [Server thread/INFO]: Preparing start region for level 2 (Seed: 0)
[14:42:05] [Server thread/INFO]: -------- World Settings For [sala1] --------
[14:42:05] [Server thread/INFO]: Mob Spawn Range: 4
[14:42:05] [Server thread/INFO]: Cactus Growth Modifier: 100%
[14:42:05] [Server thread/INFO]: Cane Growth Modifier: 100%
[14:42:05] [Server thread/INFO]: Melon Growth Modifier: 100%
[14:42:05] [Server thread/INFO]: Mushroom Growth Modifier: 100%
[14:42:05] [Server thread/INFO]: Pumpkin Growth Modifier: 100%
[14:42:05] [Server thread/INFO]: Sapling Growth Modifier: 100%
[14:42:05] [Server thread/INFO]: Wheat Growth Modifier: 100%
[14:42:05] [Server thread/INFO]: NetherWart Growth Modifier: 100%
[14:42:05] [Server thread/INFO]: Entity Activation Range: An 32 / Mo 32 / Mi 16
[14:42:05] [Server thread/INFO]: Entity Tracking Range: Pl 48 / An 48 / Mo 48 / Mi 32 / Other 64
[14:42:05] [Server thread/INFO]: Anti X-Ray: true
[14:42:05] [Server thread/INFO]: 	Engine Mode: 1
[14:42:05] [Server thread/INFO]: 	Hidden Blocks: [14, 15, 16, 21, 48, 49, 54, 56, 73, 74, 82, 129, 130]
[14:42:05] [Server thread/INFO]: 	Replace Blocks: [1, 5]
[14:42:05] [Server thread/INFO]: Nerfing mobs spawned from spawners: false
[14:42:05] [Server thread/INFO]: Hopper Transfer: 8 Hopper Check: 8 Hopper Amount: 1
[14:42:05] [Server thread/INFO]: Random Lighting Updates: false
[14:42:05] [Server thread/INFO]: Structure Info Saving: true
[14:42:05] [Server thread/INFO]: Sending up to 10 chunks per packet
[14:42:05] [Server thread/INFO]: Max Entity Collisions: 8
[14:42:05] [Server thread/INFO]: Custom Map Seeds:  Village: 10387312 Feature: 14357617
[14:42:05] [Server thread/INFO]: Max TNT Explosions: 100
[14:42:05] [Server thread/INFO]: Tile Max Tick Time: 50ms Entity max Tick Time: 50ms
[14:42:05] [Server thread/INFO]: Item Despawn Rate: 6000
[14:42:05] [Server thread/INFO]: Item Merge Radius: 2.5
[14:42:05] [Server thread/INFO]: Arrow Despawn Rate: 1200
[14:42:05] [Server thread/INFO]: Allow Zombie Pigmen to spawn from portal blocks: true
[14:42:05] [Server thread/INFO]: View Distance: 10
[14:42:05] [Server thread/INFO]: Zombie Aggressive Towards Villager: true
[14:42:05] [Server thread/INFO]: Chunks to Grow per Tick: 650
[14:42:05] [Server thread/INFO]: Clear tick list: false
[14:42:05] [Server thread/INFO]: Experience Merge Radius: 3.0
[14:42:05] [Server thread/INFO]: Preparing start region for level 3 (Seed: -4216530450634206070)
[14:42:05] [Server thread/INFO]: -------- World Settings For [sala22] --------
[14:42:05] [Server thread/INFO]: Mob Spawn Range: 4
[14:42:05] [Server thread/INFO]: Cactus Growth Modifier: 100%
[14:42:05] [Server thread/INFO]: Cane Growth Modifier: 100%
[14:42:05] [Server thread/INFO]: Melon Growth Modifier: 100%
[14:42:05] [Server thread/INFO]: Mushroom Growth Modifier: 100%
[14:42:05] [Server thread/INFO]: Pumpkin Growth Modifier: 100%
[14:42:05] [Server thread/INFO]: Sapling Growth Modifier: 100%
[14:42:05] [Server thread/INFO]: Wheat Growth Modifier: 100%
[14:42:05] [Server thread/INFO]: NetherWart Growth Modifier: 100%
[14:42:05] [Server thread/INFO]: Entity Activation Range: An 32 / Mo 32 / Mi 16
[14:42:05] [Server thread/INFO]: Entity Tracking Range: Pl 48 / An 48 / Mo 48 / Mi 32 / Other 64
[14:42:05] [Server thread/INFO]: Anti X-Ray: true
[14:42:05] [Server thread/INFO]: 	Engine Mode: 1
[14:42:05] [Server thread/INFO]: 	Hidden Blocks: [14, 15, 16, 21, 48, 49, 54, 56, 73, 74, 82, 129, 130]
[14:42:05] [Server thread/INFO]: 	Replace Blocks: [1, 5]
[14:42:05] [Server thread/INFO]: Nerfing mobs spawned from spawners: false
[14:42:05] [Server thread/INFO]: Hopper Transfer: 8 Hopper Check: 8 Hopper Amount: 1
[14:42:05] [Server thread/INFO]: Random Lighting Updates: false
[14:42:05] [Server thread/INFO]: Structure Info Saving: true
[14:42:05] [Server thread/INFO]: Sending up to 10 chunks per packet
[14:42:05] [Server thread/INFO]: Max Entity Collisions: 8
[14:42:05] [Server thread/INFO]: Custom Map Seeds:  Village: 10387312 Feature: 14357617
[14:42:05] [Server thread/INFO]: Max TNT Explosions: 100
[14:42:05] [Server thread/INFO]: Tile Max Tick Time: 50ms Entity max Tick Time: 50ms
[14:42:05] [Server thread/INFO]: Item Despawn Rate: 6000
[14:42:05] [Server thread/INFO]: Item Merge Radius: 2.5
[14:42:05] [Server thread/INFO]: Arrow Despawn Rate: 1200
[14:42:05] [Server thread/INFO]: Allow Zombie Pigmen to spawn from portal blocks: true
[14:42:05] [Server thread/INFO]: View Distance: 10
[14:42:05] [Server thread/INFO]: Zombie Aggressive Towards Villager: true
[14:42:05] [Server thread/INFO]: Chunks to Grow per Tick: 650
[14:42:05] [Server thread/INFO]: Clear tick list: false
[14:42:05] [Server thread/INFO]: Experience Merge Radius: 3.0
[14:42:05] [Server thread/INFO]: Preparing start region for level 4 (Seed: -4216530450634206070)
[14:42:05] [Server thread/INFO]: -------- World Settings For [sala12] --------
[14:42:05] [Server thread/INFO]: Mob Spawn Range: 4
[14:42:05] [Server thread/INFO]: Cactus Growth Modifier: 100%
[14:42:05] [Server thread/INFO]: Cane Growth Modifier: 100%
[14:42:05] [Server thread/INFO]: Melon Growth Modifier: 100%
[14:42:05] [Server thread/INFO]: Mushroom Growth Modifier: 100%
[14:42:05] [Server thread/INFO]: Pumpkin Growth Modifier: 100%
[14:42:05] [Server thread/INFO]: Sapling Growth Modifier: 100%
[14:42:05] [Server thread/INFO]: Wheat Growth Modifier: 100%
[14:42:05] [Server thread/INFO]: NetherWart Growth Modifier: 100%
[14:42:05] [Server thread/INFO]: Entity Activation Range: An 32 / Mo 32 / Mi 16
[14:42:05] [Server thread/INFO]: Entity Tracking Range: Pl 48 / An 48 / Mo 48 / Mi 32 / Other 64
[14:42:05] [Server thread/INFO]: Anti X-Ray: true
[14:42:05] [Server thread/INFO]: 	Engine Mode: 1
[14:42:05] [Server thread/INFO]: 	Hidden Blocks: [14, 15, 16, 21, 48, 49, 54, 56, 73, 74, 82, 129, 130]
[14:42:05] [Server thread/INFO]: 	Replace Blocks: [1, 5]
[14:42:05] [Server thread/INFO]: Nerfing mobs spawned from spawners: false
[14:42:05] [Server thread/INFO]: Hopper Transfer: 8 Hopper Check: 8 Hopper Amount: 1
[14:42:05] [Server thread/INFO]: Random Lighting Updates: false
[14:42:05] [Server thread/INFO]: Structure Info Saving: true
[14:42:05] [Server thread/INFO]: Sending up to 10 chunks per packet
[14:42:05] [Server thread/INFO]: Max Entity Collisions: 8
[14:42:05] [Server thread/INFO]: Custom Map Seeds:  Village: 10387312 Feature: 14357617
[14:42:05] [Server thread/INFO]: Max TNT Explosions: 100
[14:42:05] [Server thread/INFO]: Tile Max Tick Time: 50ms Entity max Tick Time: 50ms
[14:42:05] [Server thread/INFO]: Item Despawn Rate: 6000
[14:42:05] [Server thread/INFO]: Item Merge Radius: 2.5
[14:42:05] [Server thread/INFO]: Arrow Despawn Rate: 1200
[14:42:05] [Server thread/INFO]: Allow Zombie Pigmen to spawn from portal blocks: true
[14:42:05] [Server thread/INFO]: View Distance: 10
[14:42:05] [Server thread/INFO]: Zombie Aggressive Towards Villager: true
[14:42:05] [Server thread/INFO]: Chunks to Grow per Tick: 650
[14:42:05] [Server thread/INFO]: Clear tick list: false
[14:42:05] [Server thread/INFO]: Experience Merge Radius: 3.0
[14:42:05] [Server thread/INFO]: Preparing start region for level 5 (Seed: -4216530450634206070)
[14:42:05] [Server thread/INFO]: [0;32;1m[sant-bedwars] GAME: Foram carregadas 5 salas.[m
[14:42:05] [Server thread/INFO]: [0;32;1m[sant-bedwars] O plugin foi ativado.[m
[14:42:05] [Server thread/WARN]: Could not register alias icanhasbukkit because it contains commands that do not exist: version $1-
[14:42:05] [Server thread/INFO]: Server permissions file permissions.yml is empty, ignoring it
[14:42:05] [Server thread/INFO]: Done (3.031s)! For help, type "help" or "?"
[14:42:06] [Server thread/INFO]: [Skript] Loading variables...
[14:42:06] [Server thread/INFO]: [Skript] Loaded 0 variables in 0.0 seconds
[14:42:06] [Server thread/ERROR]: [Skript] A command with the name /plugins is already defined in Bloqueio_maximo_2.5.5Alpha.sk
[14:42:06] [Server thread/ERROR]: [Skript] A command with the name /me is already defined in Bloqueio_maximo_2.5.5Alpha.sk
[14:42:06] [Server thread/INFO]: [Skript] Loaded 1 script with a total of 0 triggers and 23 commands in 0.04 seconds
[14:42:06] [Server thread/INFO]: [Skript] Finished loading.
[14:42:06] [Server thread/INFO]: [PlaceholderAPI] Placeholder expansion registration initializing...
[14:42:06] [Craft Scheduler Thread - 0/INFO]: [PlaceholderAPI] 151 placeholder expansions are available on the cloud.
[14:42:06] [Craft Scheduler Thread - 3/INFO]: [0;37;22m[[0;33;22mSkript[0;37;22m][m You're currently running custom Skript version. No updates will be automatically installed.[m
[14:42:30] [Thread-15/INFO]: UUID of player MuriloDR is 2765220a-da1f-395e-8ee6-1fcc0ac11b3b
[14:42:30] [Server thread/INFO]: MuriloDR[/45.181.74.73:38393] logged in with entity id 164 at ([world]387.5, 113.0, 1375.5)
[14:42:36] [Server thread/INFO]: MuriloDR lost connection: Disconnected
[14:42:54] [Thread-16/INFO]: UUID of player litergames is 983f239c-f841-4343-9bb7-adcee8708fe8
[14:42:54] [Server thread/INFO]: litergames[/85.52.99.115:50357] logged in with entity id 165 at ([world]387.5, 113.0, 1375.5)
[14:43:04] [Thread-17/INFO]: UUID of player MuriloDR is 2765220a-da1f-395e-8ee6-1fcc0ac11b3b
[14:43:04] [Server thread/INFO]: MuriloDR[/45.181.74.73:50139] logged in with entity id 166 at ([world]387.5, 113.0, 1375.5)
[14:43:08] [Server thread/INFO]: MuriloDR issued server command: /tp li mu
[14:43:11] [Server thread/INFO]: MuriloDR issued server command: /tag
[14:43:12] [Server thread/INFO]: MuriloDR issued server command: /tag Direção
[14:43:12] [Thread-18/INFO]: UUID of player zCry__ is d694d292-fff3-4997-8986-d04af955c878
[14:43:12] [Server thread/INFO]: zCry__[/189.6.255.193:59189] logged in with entity id 167 at ([world]387.5, 113.0, 1375.5)
[14:43:15] [Server thread/INFO]: MuriloDR issued server command: /tag Membro
[14:43:15] [Server thread/INFO]: litergames lost connection: Internal Exception: java.io.IOException: Error while read(...): Connection reset by peer
[14:43:15] [Server thread/INFO]: MuriloDR lost connection: Internal Exception: java.io.IOException: Error while read(...): Connection reset by peer
[14:43:15] [Server thread/INFO]: zCry__ lost connection: Internal Exception: java.io.IOException: Error while read(...): Connection reset by peer
[14:43:20] [Thread-19/INFO]: UUID of player MuriloDR is 2765220a-da1f-395e-8ee6-1fcc0ac11b3b
[14:43:20] [Server thread/INFO]: MuriloDR[/45.181.74.73:56035] logged in with entity id 168 at ([world]387.5, 113.0, 1375.5)
[14:43:22] [Thread-20/INFO]: UUID of player zCry__ is d694d292-fff3-4997-8986-d04af955c878
[14:43:22] [Server thread/INFO]: zCry__[/189.6.255.193:39433] logged in with entity id 169 at ([world]387.5, 113.0, 1375.5)
[14:43:23] [Thread-21/INFO]: UUID of player litergames is 983f239c-f841-4343-9bb7-adcee8708fe8
[14:43:23] [Server thread/INFO]: litergames[/85.52.99.115:45377] logged in with entity id 170 at ([world]387.5, 113.0, 1375.5)
[14:43:42] [Thread-22/INFO]: UUID of player vct06705 is d6003c1f-426a-3390-b2d2-77941f70d0ba
[14:43:42] [Server thread/INFO]: vct06705[/170.245.24.58:38121] logged in with entity id 171 at ([world]387.5, 113.0, 1375.5)
[14:44:09] [Server thread/INFO]: MuriloDR issued server command: /start
[14:44:28] [Server thread/INFO]: MuriloDR issued server command: /give @a iron_ingot 64
[14:44:28] [Server thread/INFO]: [MuriloDR: Given [Iron Ingot] * 64 to MuriloDR]
[14:44:28] [Server thread/INFO]: [MuriloDR: Given [Iron Ingot] * 64 to zCry__]
[14:44:28] [Server thread/INFO]: [MuriloDR: Given [Iron Ingot] * 64 to vct06705]
[14:44:28] [Server thread/INFO]: [MuriloDR: Given [Iron Ingot] * 64 to litergames]
[14:44:33] [Server thread/INFO]: MuriloDR issued server command: /give @a gold_ingot 64
[14:44:33] [Server thread/INFO]: [MuriloDR: Given [Gold Ingot] * 64 to MuriloDR]
[14:44:33] [Server thread/INFO]: [MuriloDR: Given [Gold Ingot] * 64 to zCry__]
[14:44:33] [Server thread/INFO]: [MuriloDR: Given [Gold Ingot] * 64 to litergames]
[14:44:33] [Server thread/INFO]: [MuriloDR: Given [Gold Ingot] * 64 to vct06705]
[14:45:03] [Server thread/INFO]: MuriloDR issued server command: /give @a gold_ingot 64
[14:45:03] [Server thread/INFO]: [MuriloDR: Given [Gold Ingot] * 64 to MuriloDR]
[14:45:03] [Server thread/INFO]: [MuriloDR: Given [Gold Ingot] * 64 to zCry__]
[14:45:03] [Server thread/INFO]: [MuriloDR: Given [Gold Ingot] * 64 to litergames]
[14:45:03] [Server thread/INFO]: [MuriloDR: Given [Gold Ingot] * 64 to vct06705]
[14:45:03] [Server thread/INFO]: MuriloDR issued server command: /give @a gold_ingot 64
[14:45:03] [Server thread/INFO]: [MuriloDR: Given [Gold Ingot] * 64 to MuriloDR]
[14:45:03] [Server thread/INFO]: [MuriloDR: Given [Gold Ingot] * 64 to zCry__]
[14:45:03] [Server thread/INFO]: [MuriloDR: Given [Gold Ingot] * 64 to litergames]
[14:45:03] [Server thread/INFO]: [MuriloDR: Given [Gold Ingot] * 64 to vct06705]
[14:45:03] [Server thread/INFO]: MuriloDR issued server command: /give @a gold_ingot 64
[14:45:03] [Server thread/INFO]: [MuriloDR: Given [Gold Ingot] * 64 to MuriloDR]
[14:45:03] [Server thread/INFO]: [MuriloDR: Given [Gold Ingot] * 64 to zCry__]
[14:45:03] [Server thread/INFO]: [MuriloDR: Given [Gold Ingot] * 64 to litergames]
[14:45:03] [Server thread/INFO]: [MuriloDR: Given [Gold Ingot] * 64 to vct06705]
[14:45:04] [Server thread/INFO]: MuriloDR issued server command: /give @a iron_ingot 64
[14:45:04] [Server thread/INFO]: [MuriloDR: Given [Iron Ingot] * 64 to MuriloDR]
[14:45:04] [Server thread/INFO]: [MuriloDR: Given [Iron Ingot] * 64 to zCry__]
[14:45:04] [Server thread/INFO]: [MuriloDR: Given [Iron Ingot] * 64 to litergames]
[14:45:04] [Server thread/INFO]: [MuriloDR: Given [Iron Ingot] * 64 to vct06705]
[14:45:05] [Server thread/INFO]: MuriloDR issued server command: /give @a iron_ingot 64
[14:45:05] [Server thread/INFO]: [MuriloDR: Given [Iron Ingot] * 64 to MuriloDR]
[14:45:05] [Server thread/INFO]: [MuriloDR: Given [Iron Ingot] * 64 to zCry__]
[14:45:05] [Server thread/INFO]: [MuriloDR: Given [Iron Ingot] * 64 to litergames]
[14:45:05] [Server thread/INFO]: [MuriloDR: Given [Iron Ingot] * 64 to vct06705]
[14:45:05] [Server thread/INFO]: MuriloDR issued server command: /give @a iron_ingot 64
[14:45:05] [Server thread/INFO]: [MuriloDR: Given [Iron Ingot] * 64 to MuriloDR]
[14:45:05] [Server thread/INFO]: [MuriloDR: Given [Iron Ingot] * 64 to zCry__]
[14:45:05] [Server thread/INFO]: [MuriloDR: Given [Iron Ingot] * 64 to litergames]
[14:45:05] [Server thread/INFO]: [MuriloDR: Given [Iron Ingot] * 64 to vct06705]
[14:45:34] [Server thread/ERROR]: Could not pass event PlayerDeathEvent to sant-bedwars v1.0
org.bukkit.event.EventException
	at org.bukkit.plugin.java.JavaPluginLoader$1.execute(JavaPluginLoader.java:310) ~[server.jar:git-Spigot-db6de12-18fbb24]
	at org.bukkit.plugin.RegisteredListener.callEvent(RegisteredListener.java:62) ~[server.jar:git-Spigot-db6de12-18fbb24]
	at org.bukkit.plugin.SimplePluginManager.fireEvent(SimplePluginManager.java:502) [server.jar:git-Spigot-db6de12-18fbb24]
	at org.bukkit.plugin.SimplePluginManager.callEvent(SimplePluginManager.java:487) [server.jar:git-Spigot-db6de12-18fbb24]
	at org.bukkit.craftbukkit.v1_8_R3.event.CraftEventFactory.callPlayerDeathEvent(CraftEventFactory.java:396) [server.jar:git-Spigot-db6de12-18fbb24]
	at net.minecraft.server.v1_8_R3.EntityPlayer.die(EntityPlayer.java:417) [server.jar:git-Spigot-db6de12-18fbb24]
	at net.minecraft.server.v1_8_R3.EntityLiving.damageEntity(EntityLiving.java:812) [server.jar:git-Spigot-db6de12-18fbb24]
	at net.minecraft.server.v1_8_R3.EntityHuman.damageEntity(EntityHuman.java:800) [server.jar:git-Spigot-db6de12-18fbb24]
	at net.minecraft.server.v1_8_R3.EntityPlayer.damageEntity(EntityPlayer.java:496) [server.jar:git-Spigot-db6de12-18fbb24]
	at net.minecraft.server.v1_8_R3.EntityHuman.attack(EntityHuman.java:1001) [server.jar:git-Spigot-db6de12-18fbb24]
	at net.minecraft.server.v1_8_R3.EntityPlayer.attack(EntityPlayer.java:1063) [server.jar:git-Spigot-db6de12-18fbb24]
	at net.minecraft.server.v1_8_R3.PlayerConnection.a(PlayerConnection.java:1355) [server.jar:git-Spigot-db6de12-18fbb24]
	at net.minecraft.server.v1_8_R3.PacketPlayInUseEntity.a(SourceFile:52) [server.jar:git-Spigot-db6de12-18fbb24]
	at net.minecraft.server.v1_8_R3.PacketPlayInUseEntity.a(SourceFile:11) [server.jar:git-Spigot-db6de12-18fbb24]
	at net.minecraft.server.v1_8_R3.PlayerConnectionUtils$1.run(SourceFile:13) [server.jar:git-Spigot-db6de12-18fbb24]
	at java.util.concurrent.Executors$RunnableAdapter.call(Executors.java:511) [?:1.8.0_312]
	at java.util.concurrent.FutureTask.run(FutureTask.java:266) [?:1.8.0_312]
	at net.minecraft.server.v1_8_R3.SystemUtils.a(SourceFile:44) [server.jar:git-Spigot-db6de12-18fbb24]
	at net.minecraft.server.v1_8_R3.MinecraftServer.B(MinecraftServer.java:715) [server.jar:git-Spigot-db6de12-18fbb24]
	at net.minecraft.server.v1_8_R3.DedicatedServer.B(DedicatedServer.java:374) [server.jar:git-Spigot-db6de12-18fbb24]
	at net.minecraft.server.v1_8_R3.MinecraftServer.A(MinecraftServer.java:654) [server.jar:git-Spigot-db6de12-18fbb24]
	at net.minecraft.server.v1_8_R3.MinecraftServer.run(MinecraftServer.java:557) [server.jar:git-Spigot-db6de12-18fbb24]
	at java.lang.Thread.run(Thread.java:748) [?:1.8.0_312]
Caused by: java.lang.NullPointerException
	at santmc.commons.player.Profile.addStats(Profile.java:354) ~[?:?]
	at santmc.commons.player.Profile.addStats(Profile.java:335) ~[?:?]
	at santmc.bedwars.listeners.player.PlayerDeathListener.onPlayerDeath(PlayerDeathListener.java:36) ~[?:?]
	at sun.reflect.NativeMethodAccessorImpl.invoke0(Native Method) ~[?:1.8.0_312]
	at sun.reflect.NativeMethodAccessorImpl.invoke(NativeMethodAccessorImpl.java:62) ~[?:1.8.0_312]
	at sun.reflect.DelegatingMethodAccessorImpl.invoke(DelegatingMethodAccessorImpl.java:43) ~[?:1.8.0_312]
	at java.lang.reflect.Method.invoke(Method.java:498) ~[?:1.8.0_312]
	at org.bukkit.plugin.java.JavaPluginLoader$1.execute(JavaPluginLoader.java:306) ~[server.jar:git-Spigot-db6de12-18fbb24]
	... 22 more
[14:48:30] [Server thread/ERROR]: Could not pass event PlayerDeathEvent to sant-bedwars v1.0
org.bukkit.event.EventException
	at org.bukkit.plugin.java.JavaPluginLoader$1.execute(JavaPluginLoader.java:310) ~[server.jar:git-Spigot-db6de12-18fbb24]
	at org.bukkit.plugin.RegisteredListener.callEvent(RegisteredListener.java:62) ~[server.jar:git-Spigot-db6de12-18fbb24]
	at org.bukkit.plugin.SimplePluginManager.fireEvent(SimplePluginManager.java:502) [server.jar:git-Spigot-db6de12-18fbb24]
	at org.bukkit.plugin.SimplePluginManager.callEvent(SimplePluginManager.java:487) [server.jar:git-Spigot-db6de12-18fbb24]
	at org.bukkit.craftbukkit.v1_8_R3.event.CraftEventFactory.callPlayerDeathEvent(CraftEventFactory.java:396) [server.jar:git-Spigot-db6de12-18fbb24]
	at net.minecraft.server.v1_8_R3.EntityPlayer.die(EntityPlayer.java:417) [server.jar:git-Spigot-db6de12-18fbb24]
	at net.minecraft.server.v1_8_R3.EntityLiving.damageEntity(EntityLiving.java:812) [server.jar:git-Spigot-db6de12-18fbb24]
	at net.minecraft.server.v1_8_R3.EntityHuman.damageEntity(EntityHuman.java:800) [server.jar:git-Spigot-db6de12-18fbb24]
	at net.minecraft.server.v1_8_R3.EntityPlayer.damageEntity(EntityPlayer.java:496) [server.jar:git-Spigot-db6de12-18fbb24]
	at net.minecraft.server.v1_8_R3.EntityHuman.attack(EntityHuman.java:1001) [server.jar:git-Spigot-db6de12-18fbb24]
	at net.minecraft.server.v1_8_R3.EntityPlayer.attack(EntityPlayer.java:1063) [server.jar:git-Spigot-db6de12-18fbb24]
	at net.minecraft.server.v1_8_R3.PlayerConnection.a(PlayerConnection.java:1355) [server.jar:git-Spigot-db6de12-18fbb24]
	at net.minecraft.server.v1_8_R3.PacketPlayInUseEntity.a(SourceFile:52) [server.jar:git-Spigot-db6de12-18fbb24]
	at net.minecraft.server.v1_8_R3.PacketPlayInUseEntity.a(SourceFile:11) [server.jar:git-Spigot-db6de12-18fbb24]
	at net.minecraft.server.v1_8_R3.PlayerConnectionUtils$1.run(SourceFile:13) [server.jar:git-Spigot-db6de12-18fbb24]
	at java.util.concurrent.Executors$RunnableAdapter.call(Executors.java:511) [?:1.8.0_312]
	at java.util.concurrent.FutureTask.run(FutureTask.java:266) [?:1.8.0_312]
	at net.minecraft.server.v1_8_R3.SystemUtils.a(SourceFile:44) [server.jar:git-Spigot-db6de12-18fbb24]
	at net.minecraft.server.v1_8_R3.MinecraftServer.B(MinecraftServer.java:715) [server.jar:git-Spigot-db6de12-18fbb24]
	at net.minecraft.server.v1_8_R3.DedicatedServer.B(DedicatedServer.java:374) [server.jar:git-Spigot-db6de12-18fbb24]
	at net.minecraft.server.v1_8_R3.MinecraftServer.A(MinecraftServer.java:654) [server.jar:git-Spigot-db6de12-18fbb24]
	at net.minecraft.server.v1_8_R3.MinecraftServer.run(MinecraftServer.java:557) [server.jar:git-Spigot-db6de12-18fbb24]
	at java.lang.Thread.run(Thread.java:748) [?:1.8.0_312]
Caused by: java.lang.NullPointerException
	at santmc.commons.player.Profile.addStats(Profile.java:354) ~[?:?]
	at santmc.commons.player.Profile.addStats(Profile.java:335) ~[?:?]
	at santmc.bedwars.listeners.player.PlayerDeathListener.onPlayerDeath(PlayerDeathListener.java:36) ~[?:?]
	at sun.reflect.NativeMethodAccessorImpl.invoke0(Native Method) ~[?:1.8.0_312]
	at sun.reflect.NativeMethodAccessorImpl.invoke(NativeMethodAccessorImpl.java:62) ~[?:1.8.0_312]
	at sun.reflect.DelegatingMethodAccessorImpl.invoke(DelegatingMethodAccessorImpl.java:43) ~[?:1.8.0_312]
	at java.lang.reflect.Method.invoke(Method.java:498) ~[?:1.8.0_312]
	at org.bukkit.plugin.java.JavaPluginLoader$1.execute(JavaPluginLoader.java:306) ~[server.jar:git-Spigot-db6de12-18fbb24]
	... 22 more
[14:48:55] [Server thread/INFO]: zCry__ lost connection: Disconnected
[14:49:01] [Server thread/ERROR]: Could not pass event PlayerDeathEvent to sant-bedwars v1.0
org.bukkit.event.EventException
	at org.bukkit.plugin.java.JavaPluginLoader$1.execute(JavaPluginLoader.java:310) ~[server.jar:git-Spigot-db6de12-18fbb24]
	at org.bukkit.plugin.RegisteredListener.callEvent(RegisteredListener.java:62) ~[server.jar:git-Spigot-db6de12-18fbb24]
	at org.bukkit.plugin.SimplePluginManager.fireEvent(SimplePluginManager.java:502) [server.jar:git-Spigot-db6de12-18fbb24]
	at org.bukkit.plugin.SimplePluginManager.callEvent(SimplePluginManager.java:487) [server.jar:git-Spigot-db6de12-18fbb24]
	at org.bukkit.craftbukkit.v1_8_R3.event.CraftEventFactory.callPlayerDeathEvent(CraftEventFactory.java:396) [server.jar:git-Spigot-db6de12-18fbb24]
	at net.minecraft.server.v1_8_R3.EntityPlayer.die(EntityPlayer.java:417) [server.jar:git-Spigot-db6de12-18fbb24]
	at net.minecraft.server.v1_8_R3.EntityLiving.damageEntity(EntityLiving.java:812) [server.jar:git-Spigot-db6de12-18fbb24]
	at net.minecraft.server.v1_8_R3.EntityHuman.damageEntity(EntityHuman.java:800) [server.jar:git-Spigot-db6de12-18fbb24]
	at net.minecraft.server.v1_8_R3.EntityPlayer.damageEntity(EntityPlayer.java:496) [server.jar:git-Spigot-db6de12-18fbb24]
	at net.minecraft.server.v1_8_R3.EntityHuman.attack(EntityHuman.java:1001) [server.jar:git-Spigot-db6de12-18fbb24]
	at net.minecraft.server.v1_8_R3.EntityPlayer.attack(EntityPlayer.java:1063) [server.jar:git-Spigot-db6de12-18fbb24]
	at net.minecraft.server.v1_8_R3.PlayerConnection.a(PlayerConnection.java:1355) [server.jar:git-Spigot-db6de12-18fbb24]
	at net.minecraft.server.v1_8_R3.PacketPlayInUseEntity.a(SourceFile:52) [server.jar:git-Spigot-db6de12-18fbb24]
	at net.minecraft.server.v1_8_R3.PacketPlayInUseEntity.a(SourceFile:11) [server.jar:git-Spigot-db6de12-18fbb24]
	at net.minecraft.server.v1_8_R3.PlayerConnectionUtils$1.run(SourceFile:13) [server.jar:git-Spigot-db6de12-18fbb24]
	at java.util.concurrent.Executors$RunnableAdapter.call(Executors.java:511) [?:1.8.0_312]
	at java.util.concurrent.FutureTask.run(FutureTask.java:266) [?:1.8.0_312]
	at net.minecraft.server.v1_8_R3.SystemUtils.a(SourceFile:44) [server.jar:git-Spigot-db6de12-18fbb24]
	at net.minecraft.server.v1_8_R3.MinecraftServer.B(MinecraftServer.java:715) [server.jar:git-Spigot-db6de12-18fbb24]
	at net.minecraft.server.v1_8_R3.DedicatedServer.B(DedicatedServer.java:374) [server.jar:git-Spigot-db6de12-18fbb24]
	at net.minecraft.server.v1_8_R3.MinecraftServer.A(MinecraftServer.java:654) [server.jar:git-Spigot-db6de12-18fbb24]
	at net.minecraft.server.v1_8_R3.MinecraftServer.run(MinecraftServer.java:557) [server.jar:git-Spigot-db6de12-18fbb24]
	at java.lang.Thread.run(Thread.java:748) [?:1.8.0_312]
Caused by: java.lang.NullPointerException
	at santmc.commons.player.Profile.addStats(Profile.java:354) ~[?:?]
	at santmc.commons.player.Profile.addStats(Profile.java:335) ~[?:?]
	at santmc.bedwars.listeners.player.PlayerDeathListener.onPlayerDeath(PlayerDeathListener.java:36) ~[?:?]
	at sun.reflect.NativeMethodAccessorImpl.invoke0(Native Method) ~[?:1.8.0_312]
	at sun.reflect.NativeMethodAccessorImpl.invoke(NativeMethodAccessorImpl.java:62) ~[?:1.8.0_312]
	at sun.reflect.DelegatingMethodAccessorImpl.invoke(DelegatingMethodAccessorImpl.java:43) ~[?:1.8.0_312]
	at java.lang.reflect.Method.invoke(Method.java:498) ~[?:1.8.0_312]
	at org.bukkit.plugin.java.JavaPluginLoader$1.execute(JavaPluginLoader.java:306) ~[server.jar:git-Spigot-db6de12-18fbb24]
	... 22 more
[14:49:33] [Server thread/WARN]: MuriloDR moved wrongly!
[14:49:48] [Server thread/INFO]: MuriloDR lost connection: Disconnected
[14:49:51] [Server thread/INFO]: -------- World Settings For [sala22] --------
[14:49:51] [Server thread/INFO]: Mob Spawn Range: 4
[14:49:51] [Server thread/INFO]: Cactus Growth Modifier: 100%
[14:49:51] [Server thread/INFO]: Cane Growth Modifier: 100%
[14:49:51] [Server thread/INFO]: Melon Growth Modifier: 100%
[14:49:51] [Server thread/INFO]: Mushroom Growth Modifier: 100%
[14:49:51] [Server thread/INFO]: Pumpkin Growth Modifier: 100%
[14:49:51] [Server thread/INFO]: Sapling Growth Modifier: 100%
[14:49:51] [Server thread/INFO]: Wheat Growth Modifier: 100%
[14:49:51] [Server thread/INFO]: NetherWart Growth Modifier: 100%
[14:49:51] [Server thread/INFO]: Entity Activation Range: An 32 / Mo 32 / Mi 16
[14:49:51] [Server thread/INFO]: Entity Tracking Range: Pl 48 / An 48 / Mo 48 / Mi 32 / Other 64
[14:49:51] [Server thread/INFO]: Anti X-Ray: true
[14:49:51] [Server thread/INFO]: 	Engine Mode: 1
[14:49:51] [Server thread/INFO]: 	Hidden Blocks: [14, 15, 16, 21, 48, 49, 54, 56, 73, 74, 82, 129, 130]
[14:49:51] [Server thread/INFO]: 	Replace Blocks: [1, 5]
[14:49:51] [Server thread/INFO]: Nerfing mobs spawned from spawners: false
[14:49:51] [Server thread/INFO]: Hopper Transfer: 8 Hopper Check: 8 Hopper Amount: 1
[14:49:51] [Server thread/INFO]: Random Lighting Updates: false
[14:49:51] [Server thread/INFO]: Structure Info Saving: true
[14:49:51] [Server thread/INFO]: Sending up to 10 chunks per packet
[14:49:51] [Server thread/INFO]: Max Entity Collisions: 8
[14:49:51] [Server thread/INFO]: Custom Map Seeds:  Village: 10387312 Feature: 14357617
[14:49:51] [Server thread/INFO]: Max TNT Explosions: 100
[14:49:51] [Server thread/INFO]: Tile Max Tick Time: 50ms Entity max Tick Time: 50ms
[14:49:51] [Server thread/INFO]: Item Despawn Rate: 6000
[14:49:51] [Server thread/INFO]: Item Merge Radius: 2.5
[14:49:51] [Server thread/INFO]: Arrow Despawn Rate: 1200
[14:49:51] [Server thread/INFO]: Allow Zombie Pigmen to spawn from portal blocks: true
[14:49:51] [Server thread/INFO]: View Distance: 10
[14:49:51] [Server thread/INFO]: Zombie Aggressive Towards Villager: true
[14:49:51] [Server thread/INFO]: Chunks to Grow per Tick: 650
[14:49:51] [Server thread/INFO]: Clear tick list: false
[14:49:51] [Server thread/INFO]: Experience Merge Radius: 3.0
[14:49:51] [Server thread/INFO]: Preparing start region for level 5 (Seed: -4216530450634206070)
